

Started GET "/" for 127.0.0.1 at 2017-04-20 17:42:54 -0400
Processing by Rails::WelcomeController#index as HTML
  Rendered /Users/Io/.rbenv/versions/2.0.0-p195/lib/ruby/gems/2.0.0/gems/railties-4.1.6/lib/rails/templates/rails/welcome/index.html.erb (2.6ms)
Completed 200 OK in 20ms (Views: 10.2ms | ActiveRecord: 0.0ms)


Started GET "/" for 127.0.0.1 at 2017-04-20 19:06:48 -0400
Processing by Rails::WelcomeController#index as HTML
  Rendered /Users/Io/.rbenv/versions/2.0.0-p195/lib/ruby/gems/2.0.0/gems/railties-4.1.6/lib/rails/templates/rails/welcome/index.html.erb (2.1ms)
Completed 200 OK in 19ms (Views: 9.9ms | ActiveRecord: 0.0ms)


Started GET "/" for 127.0.0.1 at 2017-04-20 19:13:29 -0400
Processing by ApplicationController#hello as HTML
  Rendered html template (0.0ms)
Completed 200 OK in 16ms (Views: 7.4ms | ActiveRecord: 0.0ms)
  [1m[36m (1.0ms)[0m  [1mCREATE TABLE "schema_migrations" ("version" varchar(255) NOT NULL) [0m
  [1m[35m (0.1ms)[0m  select sqlite_version(*)
  [1m[36m (0.9ms)[0m  [1mCREATE UNIQUE INDEX "unique_schema_migrations" ON "schema_migrations" ("version")[0m
  [1m[35mActiveRecord::SchemaMigration Load (0.1ms)[0m  SELECT "schema_migrations".* FROM "schema_migrations"
Migrating to CreateUsers (20170421001522)
  [1m[36m (0.1ms)[0m  [1mbegin transaction[0m
  [1m[35m (0.4ms)[0m  CREATE TABLE "users" ("id" INTEGER PRIMARY KEY AUTOINCREMENT NOT NULL, "name" varchar(255), "email" varchar(255), "created_at" datetime, "updated_at" datetime) 
  [1m[36mSQL (0.2ms)[0m  [1mINSERT INTO "schema_migrations" ("version") VALUES (?)[0m  [["version", "20170421001522"]]
  [1m[35m (0.8ms)[0m  commit transaction
  [1m[36mActiveRecord::SchemaMigration Load (0.1ms)[0m  [1mSELECT "schema_migrations".* FROM "schema_migrations"[0m


Started GET "/" for 127.0.0.1 at 2017-04-20 20:44:09 -0400
  [1m[36mActiveRecord::SchemaMigration Load (0.5ms)[0m  [1mSELECT "schema_migrations".* FROM "schema_migrations"[0m
Processing by ApplicationController#index as HTML
  Rendered html template (0.0ms)
Completed 200 OK in 17ms (Views: 7.4ms | ActiveRecord: 0.0ms)


Started GET "/users" for 127.0.0.1 at 2017-04-20 20:44:12 -0400
Processing by UsersController#index as HTML
  [1m[35mUser Load (0.5ms)[0m  SELECT "users".* FROM "users"
  Rendered users/index.html.erb within layouts/application (3.1ms)
Completed 200 OK in 728ms (Views: 725.3ms | ActiveRecord: 0.5ms)


Started GET "/assets/scaffolds.css?body=1" for 127.0.0.1 at 2017-04-20 20:44:13 -0400


Started GET "/assets/users.css?body=1" for 127.0.0.1 at 2017-04-20 20:44:13 -0400


Started GET "/assets/application.css?body=1" for 127.0.0.1 at 2017-04-20 20:44:13 -0400


Started GET "/assets/users.js?body=1" for 127.0.0.1 at 2017-04-20 20:44:13 -0400


Started GET "/assets/application.js?body=1" for 127.0.0.1 at 2017-04-20 20:44:13 -0400


Started GET "/assets/jquery.js?body=1" for 127.0.0.1 at 2017-04-20 20:44:13 -0400


Started GET "/assets/jquery_ujs.js?body=1" for 127.0.0.1 at 2017-04-20 20:44:13 -0400


Started GET "/assets/turbolinks.js?body=1" for 127.0.0.1 at 2017-04-20 20:44:13 -0400


Started GET "/users/new" for 127.0.0.1 at 2017-04-20 20:44:19 -0400
Processing by UsersController#new as HTML
  Rendered users/_form.html.erb (135.7ms)
  Rendered users/new.html.erb within layouts/application (141.7ms)
Completed 200 OK in 174ms (Views: 172.1ms | ActiveRecord: 0.5ms)


Started POST "/users" for 127.0.0.1 at 2017-04-20 20:44:30 -0400
Processing by UsersController#create as HTML
  Parameters: {"utf8"=>"✓", "authenticity_token"=>"G5/2S4Roif/itx2+CeSnlZ28NIcrmpEct7Hohs5wOdA=", "user"=>{"name"=>"Rio Kivell", "email"=>"rjckivel@gmail.com"}, "commit"=>"Create User"}
  [1m[36m (0.1ms)[0m  [1mbegin transaction[0m
  [1m[35mSQL (1.3ms)[0m  INSERT INTO "users" ("created_at", "email", "name", "updated_at") VALUES (?, ?, ?, ?)  [["created_at", "2017-04-21 00:44:30.829974"], ["email", "rjckivel@gmail.com"], ["name", "Rio Kivell"], ["updated_at", "2017-04-21 00:44:30.829974"]]
  [1m[36m (0.7ms)[0m  [1mcommit transaction[0m
Redirected to http://localhost:3000/users/1
Completed 302 Found in 9ms (ActiveRecord: 2.1ms)


Started GET "/users/1" for 127.0.0.1 at 2017-04-20 20:44:30 -0400
Processing by UsersController#show as HTML
  Parameters: {"id"=>"1"}
  [1m[35mUser Load (0.2ms)[0m  SELECT  "users".* FROM "users"  WHERE "users"."id" = ? LIMIT 1  [["id", 1]]
  Rendered users/show.html.erb within layouts/application (0.8ms)
Completed 200 OK in 81ms (Views: 78.5ms | ActiveRecord: 0.2ms)


Started GET "/assets/users.css?body=1" for 127.0.0.1 at 2017-04-20 20:44:30 -0400


Started GET "/assets/application.css?body=1" for 127.0.0.1 at 2017-04-20 20:44:30 -0400


Started GET "/assets/scaffolds.css?body=1" for 127.0.0.1 at 2017-04-20 20:44:30 -0400


Started GET "/" for 127.0.0.1 at 2017-04-20 20:44:40 -0400
Processing by ApplicationController#index as HTML
  Rendered html template (0.0ms)
Completed 200 OK in 1ms (Views: 0.4ms | ActiveRecord: 0.0ms)


Started GET "/users/1" for 127.0.0.1 at 2017-04-20 20:44:54 -0400
  [1m[36mActiveRecord::SchemaMigration Load (0.4ms)[0m  [1mSELECT "schema_migrations".* FROM "schema_migrations"[0m
Processing by UsersController#show as HTML
  Parameters: {"id"=>"1"}
  [1m[35mUser Load (0.4ms)[0m  SELECT  "users".* FROM "users"  WHERE "users"."id" = ? LIMIT 1  [["id", 1]]
  Rendered users/show.html.erb within layouts/application (16.6ms)
Completed 200 OK in 217ms (Views: 188.4ms | ActiveRecord: 0.9ms)


Started GET "/assets/users.css?body=1" for 127.0.0.1 at 2017-04-20 20:44:54 -0400


Started GET "/assets/application.css?body=1" for 127.0.0.1 at 2017-04-20 20:44:54 -0400


Started GET "/assets/scaffolds.css?body=1" for 127.0.0.1 at 2017-04-20 20:44:54 -0400
  [1m[36mActiveRecord::SchemaMigration Load (0.4ms)[0m  [1mSELECT "schema_migrations".* FROM "schema_migrations"[0m
  [1m[35mActiveRecord::SchemaMigration Load (0.1ms)[0m  SELECT "schema_migrations".* FROM "schema_migrations"
  [1m[36mActiveRecord::SchemaMigration Load (0.4ms)[0m  [1mSELECT "schema_migrations".* FROM "schema_migrations"[0m
Migrating to AddIndexToUsersEmail (20170424045340)
  [1m[35m (0.2ms)[0m  begin transaction
  [1m[36m (0.1ms)[0m  [1mselect sqlite_version(*)[0m
  [1m[35m (1.7ms)[0m  CREATE UNIQUE INDEX "index_users_on_email" ON "users" ("email")
  [1m[36mSQL (0.2ms)[0m  [1mINSERT INTO "schema_migrations" ("version") VALUES (?)[0m  [["version", "20170424045340"]]
  [1m[35m (0.8ms)[0m  commit transaction
  [1m[36mActiveRecord::SchemaMigration Load (0.1ms)[0m  [1mSELECT "schema_migrations".* FROM "schema_migrations"[0m
  [1m[35m (0.1ms)[0m              SELECT sql
            FROM sqlite_master
            WHERE name='index_users_on_email' AND type='index'
            UNION ALL
            SELECT sql
            FROM sqlite_temp_master
            WHERE name='index_users_on_email' AND type='index'

  [1m[36mActiveRecord::SchemaMigration Load (0.5ms)[0m  [1mSELECT "schema_migrations".* FROM "schema_migrations"[0m
Migrating to AddPasswordDigestToUsers (20170424045653)
  [1m[35m (0.1ms)[0m  begin transaction
  [1m[36m (1.0ms)[0m  [1mALTER TABLE "users" ADD "password_digest" varchar(255)[0m
  [1m[35mSQL (0.2ms)[0m  INSERT INTO "schema_migrations" ("version") VALUES (?)  [["version", "20170424045653"]]
  [1m[36m (0.7ms)[0m  [1mcommit transaction[0m
  [1m[35mActiveRecord::SchemaMigration Load (0.1ms)[0m  SELECT "schema_migrations".* FROM "schema_migrations"
  [1m[36m (0.2ms)[0m  [1m            SELECT sql
            FROM sqlite_master
            WHERE name='index_users_on_email' AND type='index'
            UNION ALL
            SELECT sql
            FROM sqlite_temp_master
            WHERE name='index_users_on_email' AND type='index'
[0m


Started GET "/users/1" for 127.0.0.1 at 2017-04-24 11:24:55 -0400
  [1m[36mActiveRecord::SchemaMigration Load (0.5ms)[0m  [1mSELECT "schema_migrations".* FROM "schema_migrations"[0m

ActionController::RoutingError (No route matches [GET] "/users/1"):
  actionpack (4.1.6) lib/action_dispatch/middleware/debug_exceptions.rb:21:in `call'
  actionpack (4.1.6) lib/action_dispatch/middleware/show_exceptions.rb:30:in `call'
  railties (4.1.6) lib/rails/rack/logger.rb:38:in `call_app'
  railties (4.1.6) lib/rails/rack/logger.rb:20:in `block in call'
  activesupport (4.1.6) lib/active_support/tagged_logging.rb:68:in `block in tagged'
  activesupport (4.1.6) lib/active_support/tagged_logging.rb:26:in `tagged'
  activesupport (4.1.6) lib/active_support/tagged_logging.rb:68:in `tagged'
  railties (4.1.6) lib/rails/rack/logger.rb:20:in `call'
  actionpack (4.1.6) lib/action_dispatch/middleware/request_id.rb:21:in `call'
  rack (1.5.5) lib/rack/methodoverride.rb:21:in `call'
  rack (1.5.5) lib/rack/runtime.rb:17:in `call'
  activesupport (4.1.6) lib/active_support/cache/strategy/local_cache_middleware.rb:26:in `call'
  rack (1.5.5) lib/rack/lock.rb:17:in `call'
  actionpack (4.1.6) lib/action_dispatch/middleware/static.rb:64:in `call'
  rack (1.5.5) lib/rack/sendfile.rb:112:in `call'
  railties (4.1.6) lib/rails/engine.rb:514:in `call'
  railties (4.1.6) lib/rails/application.rb:144:in `call'
  rack (1.5.5) lib/rack/lock.rb:17:in `call'
  rack (1.5.5) lib/rack/content_length.rb:14:in `call'
  rack (1.5.5) lib/rack/handler/webrick.rb:60:in `service'
  /Users/Io/.rbenv/versions/2.0.0-p195/lib/ruby/2.0.0/webrick/httpserver.rb:138:in `service'
  /Users/Io/.rbenv/versions/2.0.0-p195/lib/ruby/2.0.0/webrick/httpserver.rb:94:in `run'
  /Users/Io/.rbenv/versions/2.0.0-p195/lib/ruby/2.0.0/webrick/server.rb:295:in `block in start_thread'


  Rendered /Users/Io/.rbenv/versions/2.0.0-p195/lib/ruby/gems/2.0.0/gems/actionpack-4.1.6/lib/action_dispatch/middleware/templates/rescues/_trace.html.erb (1.2ms)
  Rendered /Users/Io/.rbenv/versions/2.0.0-p195/lib/ruby/gems/2.0.0/gems/actionpack-4.1.6/lib/action_dispatch/middleware/templates/routes/_route.html.erb (1.0ms)
  Rendered /Users/Io/.rbenv/versions/2.0.0-p195/lib/ruby/gems/2.0.0/gems/actionpack-4.1.6/lib/action_dispatch/middleware/templates/routes/_table.html.erb (7.0ms)
  Rendered /Users/Io/.rbenv/versions/2.0.0-p195/lib/ruby/gems/2.0.0/gems/actionpack-4.1.6/lib/action_dispatch/middleware/templates/rescues/routing_error.html.erb within rescues/layout (36.6ms)


Started GET "/" for 127.0.0.1 at 2017-04-24 11:24:57 -0400

AbstractController::ActionNotFound (The action 'index`' could not be found for ApplicationController):
  actionpack (4.1.6) lib/abstract_controller/base.rb:131:in `process'
  actionview (4.1.6) lib/action_view/rendering.rb:30:in `process'
  actionpack (4.1.6) lib/action_controller/metal.rb:196:in `dispatch'
  actionpack (4.1.6) lib/action_controller/metal/rack_delegation.rb:13:in `dispatch'
  actionpack (4.1.6) lib/action_controller/metal.rb:232:in `block in action'
  actionpack (4.1.6) lib/action_dispatch/routing/route_set.rb:82:in `call'
  actionpack (4.1.6) lib/action_dispatch/routing/route_set.rb:82:in `dispatch'
  actionpack (4.1.6) lib/action_dispatch/routing/route_set.rb:50:in `call'
  actionpack (4.1.6) lib/action_dispatch/journey/router.rb:73:in `block in call'
  actionpack (4.1.6) lib/action_dispatch/journey/router.rb:59:in `each'
  actionpack (4.1.6) lib/action_dispatch/journey/router.rb:59:in `call'
  actionpack (4.1.6) lib/action_dispatch/routing/route_set.rb:678:in `call'
  rack (1.5.5) lib/rack/etag.rb:23:in `call'
  rack (1.5.5) lib/rack/conditionalget.rb:25:in `call'
  rack (1.5.5) lib/rack/head.rb:11:in `call'
  actionpack (4.1.6) lib/action_dispatch/middleware/params_parser.rb:27:in `call'
  actionpack (4.1.6) lib/action_dispatch/middleware/flash.rb:254:in `call'
  rack (1.5.5) lib/rack/session/abstract/id.rb:225:in `context'
  rack (1.5.5) lib/rack/session/abstract/id.rb:220:in `call'
  actionpack (4.1.6) lib/action_dispatch/middleware/cookies.rb:560:in `call'
  activerecord (4.1.6) lib/active_record/query_cache.rb:36:in `call'
  activerecord (4.1.6) lib/active_record/connection_adapters/abstract/connection_pool.rb:621:in `call'
  activerecord (4.1.6) lib/active_record/migration.rb:380:in `call'
  actionpack (4.1.6) lib/action_dispatch/middleware/callbacks.rb:29:in `block in call'
  activesupport (4.1.6) lib/active_support/callbacks.rb:82:in `run_callbacks'
  actionpack (4.1.6) lib/action_dispatch/middleware/callbacks.rb:27:in `call'
  actionpack (4.1.6) lib/action_dispatch/middleware/reloader.rb:73:in `call'
  actionpack (4.1.6) lib/action_dispatch/middleware/remote_ip.rb:76:in `call'
  actionpack (4.1.6) lib/action_dispatch/middleware/debug_exceptions.rb:17:in `call'
  actionpack (4.1.6) lib/action_dispatch/middleware/show_exceptions.rb:30:in `call'
  railties (4.1.6) lib/rails/rack/logger.rb:38:in `call_app'
  railties (4.1.6) lib/rails/rack/logger.rb:20:in `block in call'
  activesupport (4.1.6) lib/active_support/tagged_logging.rb:68:in `block in tagged'
  activesupport (4.1.6) lib/active_support/tagged_logging.rb:26:in `tagged'
  activesupport (4.1.6) lib/active_support/tagged_logging.rb:68:in `tagged'
  railties (4.1.6) lib/rails/rack/logger.rb:20:in `call'
  actionpack (4.1.6) lib/action_dispatch/middleware/request_id.rb:21:in `call'
  rack (1.5.5) lib/rack/methodoverride.rb:21:in `call'
  rack (1.5.5) lib/rack/runtime.rb:17:in `call'
  activesupport (4.1.6) lib/active_support/cache/strategy/local_cache_middleware.rb:26:in `call'
  rack (1.5.5) lib/rack/lock.rb:17:in `call'
  actionpack (4.1.6) lib/action_dispatch/middleware/static.rb:64:in `call'
  rack (1.5.5) lib/rack/sendfile.rb:112:in `call'
  railties (4.1.6) lib/rails/engine.rb:514:in `call'
  railties (4.1.6) lib/rails/application.rb:144:in `call'
  rack (1.5.5) lib/rack/lock.rb:17:in `call'
  rack (1.5.5) lib/rack/content_length.rb:14:in `call'
  rack (1.5.5) lib/rack/handler/webrick.rb:60:in `service'
  /Users/Io/.rbenv/versions/2.0.0-p195/lib/ruby/2.0.0/webrick/httpserver.rb:138:in `service'
  /Users/Io/.rbenv/versions/2.0.0-p195/lib/ruby/2.0.0/webrick/httpserver.rb:94:in `run'
  /Users/Io/.rbenv/versions/2.0.0-p195/lib/ruby/2.0.0/webrick/server.rb:295:in `block in start_thread'


  Rendered /Users/Io/.rbenv/versions/2.0.0-p195/lib/ruby/gems/2.0.0/gems/actionpack-4.1.6/lib/action_dispatch/middleware/templates/rescues/unknown_action.html.erb within rescues/layout (0.4ms)


Started GET "/" for 127.0.0.1 at 2017-04-24 11:25:45 -0400

AbstractController::ActionNotFound (The action 'index`' could not be found for ApplicationController):
  actionpack (4.1.6) lib/abstract_controller/base.rb:131:in `process'
  actionview (4.1.6) lib/action_view/rendering.rb:30:in `process'
  actionpack (4.1.6) lib/action_controller/metal.rb:196:in `dispatch'
  actionpack (4.1.6) lib/action_controller/metal/rack_delegation.rb:13:in `dispatch'
  actionpack (4.1.6) lib/action_controller/metal.rb:232:in `block in action'
  actionpack (4.1.6) lib/action_dispatch/routing/route_set.rb:82:in `call'
  actionpack (4.1.6) lib/action_dispatch/routing/route_set.rb:82:in `dispatch'
  actionpack (4.1.6) lib/action_dispatch/routing/route_set.rb:50:in `call'
  actionpack (4.1.6) lib/action_dispatch/journey/router.rb:73:in `block in call'
  actionpack (4.1.6) lib/action_dispatch/journey/router.rb:59:in `each'
  actionpack (4.1.6) lib/action_dispatch/journey/router.rb:59:in `call'
  actionpack (4.1.6) lib/action_dispatch/routing/route_set.rb:678:in `call'
  rack (1.5.5) lib/rack/etag.rb:23:in `call'
  rack (1.5.5) lib/rack/conditionalget.rb:25:in `call'
  rack (1.5.5) lib/rack/head.rb:11:in `call'
  actionpack (4.1.6) lib/action_dispatch/middleware/params_parser.rb:27:in `call'
  actionpack (4.1.6) lib/action_dispatch/middleware/flash.rb:254:in `call'
  rack (1.5.5) lib/rack/session/abstract/id.rb:225:in `context'
  rack (1.5.5) lib/rack/session/abstract/id.rb:220:in `call'
  actionpack (4.1.6) lib/action_dispatch/middleware/cookies.rb:560:in `call'
  activerecord (4.1.6) lib/active_record/query_cache.rb:36:in `call'
  activerecord (4.1.6) lib/active_record/connection_adapters/abstract/connection_pool.rb:621:in `call'
  activerecord (4.1.6) lib/active_record/migration.rb:380:in `call'
  actionpack (4.1.6) lib/action_dispatch/middleware/callbacks.rb:29:in `block in call'
  activesupport (4.1.6) lib/active_support/callbacks.rb:82:in `run_callbacks'
  actionpack (4.1.6) lib/action_dispatch/middleware/callbacks.rb:27:in `call'
  actionpack (4.1.6) lib/action_dispatch/middleware/reloader.rb:73:in `call'
  actionpack (4.1.6) lib/action_dispatch/middleware/remote_ip.rb:76:in `call'
  actionpack (4.1.6) lib/action_dispatch/middleware/debug_exceptions.rb:17:in `call'
  actionpack (4.1.6) lib/action_dispatch/middleware/show_exceptions.rb:30:in `call'
  railties (4.1.6) lib/rails/rack/logger.rb:38:in `call_app'
  railties (4.1.6) lib/rails/rack/logger.rb:20:in `block in call'
  activesupport (4.1.6) lib/active_support/tagged_logging.rb:68:in `block in tagged'
  activesupport (4.1.6) lib/active_support/tagged_logging.rb:26:in `tagged'
  activesupport (4.1.6) lib/active_support/tagged_logging.rb:68:in `tagged'
  railties (4.1.6) lib/rails/rack/logger.rb:20:in `call'
  actionpack (4.1.6) lib/action_dispatch/middleware/request_id.rb:21:in `call'
  rack (1.5.5) lib/rack/methodoverride.rb:21:in `call'
  rack (1.5.5) lib/rack/runtime.rb:17:in `call'
  activesupport (4.1.6) lib/active_support/cache/strategy/local_cache_middleware.rb:26:in `call'
  rack (1.5.5) lib/rack/lock.rb:17:in `call'
  actionpack (4.1.6) lib/action_dispatch/middleware/static.rb:64:in `call'
  rack (1.5.5) lib/rack/sendfile.rb:112:in `call'
  railties (4.1.6) lib/rails/engine.rb:514:in `call'
  railties (4.1.6) lib/rails/application.rb:144:in `call'
  rack (1.5.5) lib/rack/lock.rb:17:in `call'
  rack (1.5.5) lib/rack/content_length.rb:14:in `call'
  rack (1.5.5) lib/rack/handler/webrick.rb:60:in `service'
  /Users/Io/.rbenv/versions/2.0.0-p195/lib/ruby/2.0.0/webrick/httpserver.rb:138:in `service'
  /Users/Io/.rbenv/versions/2.0.0-p195/lib/ruby/2.0.0/webrick/httpserver.rb:94:in `run'
  /Users/Io/.rbenv/versions/2.0.0-p195/lib/ruby/2.0.0/webrick/server.rb:295:in `block in start_thread'


  Rendered /Users/Io/.rbenv/versions/2.0.0-p195/lib/ruby/gems/2.0.0/gems/actionpack-4.1.6/lib/action_dispatch/middleware/templates/rescues/unknown_action.html.erb within rescues/layout (0.5ms)


Started GET "/" for 127.0.0.1 at 2017-04-24 11:26:38 -0400
  [1m[36mActiveRecord::SchemaMigration Load (0.5ms)[0m  [1mSELECT "schema_migrations".* FROM "schema_migrations"[0m

AbstractController::ActionNotFound (The action 'index`' could not be found for ApplicationController):
  actionpack (4.1.6) lib/abstract_controller/base.rb:131:in `process'
  actionview (4.1.6) lib/action_view/rendering.rb:30:in `process'
  actionpack (4.1.6) lib/action_controller/metal.rb:196:in `dispatch'
  actionpack (4.1.6) lib/action_controller/metal/rack_delegation.rb:13:in `dispatch'
  actionpack (4.1.6) lib/action_controller/metal.rb:232:in `block in action'
  actionpack (4.1.6) lib/action_dispatch/routing/route_set.rb:82:in `call'
  actionpack (4.1.6) lib/action_dispatch/routing/route_set.rb:82:in `dispatch'
  actionpack (4.1.6) lib/action_dispatch/routing/route_set.rb:50:in `call'
  actionpack (4.1.6) lib/action_dispatch/journey/router.rb:73:in `block in call'
  actionpack (4.1.6) lib/action_dispatch/journey/router.rb:59:in `each'
  actionpack (4.1.6) lib/action_dispatch/journey/router.rb:59:in `call'
  actionpack (4.1.6) lib/action_dispatch/routing/route_set.rb:678:in `call'
  rack (1.5.5) lib/rack/etag.rb:23:in `call'
  rack (1.5.5) lib/rack/conditionalget.rb:25:in `call'
  rack (1.5.5) lib/rack/head.rb:11:in `call'
  actionpack (4.1.6) lib/action_dispatch/middleware/params_parser.rb:27:in `call'
  actionpack (4.1.6) lib/action_dispatch/middleware/flash.rb:254:in `call'
  rack (1.5.5) lib/rack/session/abstract/id.rb:225:in `context'
  rack (1.5.5) lib/rack/session/abstract/id.rb:220:in `call'
  actionpack (4.1.6) lib/action_dispatch/middleware/cookies.rb:560:in `call'
  activerecord (4.1.6) lib/active_record/query_cache.rb:36:in `call'
  activerecord (4.1.6) lib/active_record/connection_adapters/abstract/connection_pool.rb:621:in `call'
  activerecord (4.1.6) lib/active_record/migration.rb:380:in `call'
  actionpack (4.1.6) lib/action_dispatch/middleware/callbacks.rb:29:in `block in call'
  activesupport (4.1.6) lib/active_support/callbacks.rb:82:in `run_callbacks'
  actionpack (4.1.6) lib/action_dispatch/middleware/callbacks.rb:27:in `call'
  actionpack (4.1.6) lib/action_dispatch/middleware/reloader.rb:73:in `call'
  actionpack (4.1.6) lib/action_dispatch/middleware/remote_ip.rb:76:in `call'
  actionpack (4.1.6) lib/action_dispatch/middleware/debug_exceptions.rb:17:in `call'
  actionpack (4.1.6) lib/action_dispatch/middleware/show_exceptions.rb:30:in `call'
  railties (4.1.6) lib/rails/rack/logger.rb:38:in `call_app'
  railties (4.1.6) lib/rails/rack/logger.rb:20:in `block in call'
  activesupport (4.1.6) lib/active_support/tagged_logging.rb:68:in `block in tagged'
  activesupport (4.1.6) lib/active_support/tagged_logging.rb:26:in `tagged'
  activesupport (4.1.6) lib/active_support/tagged_logging.rb:68:in `tagged'
  railties (4.1.6) lib/rails/rack/logger.rb:20:in `call'
  actionpack (4.1.6) lib/action_dispatch/middleware/request_id.rb:21:in `call'
  rack (1.5.5) lib/rack/methodoverride.rb:21:in `call'
  rack (1.5.5) lib/rack/runtime.rb:17:in `call'
  activesupport (4.1.6) lib/active_support/cache/strategy/local_cache_middleware.rb:26:in `call'
  rack (1.5.5) lib/rack/lock.rb:17:in `call'
  actionpack (4.1.6) lib/action_dispatch/middleware/static.rb:64:in `call'
  rack (1.5.5) lib/rack/sendfile.rb:112:in `call'
  railties (4.1.6) lib/rails/engine.rb:514:in `call'
  railties (4.1.6) lib/rails/application.rb:144:in `call'
  rack (1.5.5) lib/rack/lock.rb:17:in `call'
  rack (1.5.5) lib/rack/content_length.rb:14:in `call'
  rack (1.5.5) lib/rack/handler/webrick.rb:60:in `service'
  /Users/Io/.rbenv/versions/2.0.0-p195/lib/ruby/2.0.0/webrick/httpserver.rb:138:in `service'
  /Users/Io/.rbenv/versions/2.0.0-p195/lib/ruby/2.0.0/webrick/httpserver.rb:94:in `run'
  /Users/Io/.rbenv/versions/2.0.0-p195/lib/ruby/2.0.0/webrick/server.rb:295:in `block in start_thread'


  Rendered /Users/Io/.rbenv/versions/2.0.0-p195/lib/ruby/gems/2.0.0/gems/actionpack-4.1.6/lib/action_dispatch/middleware/templates/rescues/unknown_action.html.erb within rescues/layout (1.6ms)


Started GET "/" for 127.0.0.1 at 2017-04-24 11:26:41 -0400

AbstractController::ActionNotFound (The action 'index`' could not be found for ApplicationController):
  actionpack (4.1.6) lib/abstract_controller/base.rb:131:in `process'
  actionview (4.1.6) lib/action_view/rendering.rb:30:in `process'
  actionpack (4.1.6) lib/action_controller/metal.rb:196:in `dispatch'
  actionpack (4.1.6) lib/action_controller/metal/rack_delegation.rb:13:in `dispatch'
  actionpack (4.1.6) lib/action_controller/metal.rb:232:in `block in action'
  actionpack (4.1.6) lib/action_dispatch/routing/route_set.rb:82:in `call'
  actionpack (4.1.6) lib/action_dispatch/routing/route_set.rb:82:in `dispatch'
  actionpack (4.1.6) lib/action_dispatch/routing/route_set.rb:50:in `call'
  actionpack (4.1.6) lib/action_dispatch/journey/router.rb:73:in `block in call'
  actionpack (4.1.6) lib/action_dispatch/journey/router.rb:59:in `each'
  actionpack (4.1.6) lib/action_dispatch/journey/router.rb:59:in `call'
  actionpack (4.1.6) lib/action_dispatch/routing/route_set.rb:678:in `call'
  rack (1.5.5) lib/rack/etag.rb:23:in `call'
  rack (1.5.5) lib/rack/conditionalget.rb:25:in `call'
  rack (1.5.5) lib/rack/head.rb:11:in `call'
  actionpack (4.1.6) lib/action_dispatch/middleware/params_parser.rb:27:in `call'
  actionpack (4.1.6) lib/action_dispatch/middleware/flash.rb:254:in `call'
  rack (1.5.5) lib/rack/session/abstract/id.rb:225:in `context'
  rack (1.5.5) lib/rack/session/abstract/id.rb:220:in `call'
  actionpack (4.1.6) lib/action_dispatch/middleware/cookies.rb:560:in `call'
  activerecord (4.1.6) lib/active_record/query_cache.rb:36:in `call'
  activerecord (4.1.6) lib/active_record/connection_adapters/abstract/connection_pool.rb:621:in `call'
  activerecord (4.1.6) lib/active_record/migration.rb:380:in `call'
  actionpack (4.1.6) lib/action_dispatch/middleware/callbacks.rb:29:in `block in call'
  activesupport (4.1.6) lib/active_support/callbacks.rb:82:in `run_callbacks'
  actionpack (4.1.6) lib/action_dispatch/middleware/callbacks.rb:27:in `call'
  actionpack (4.1.6) lib/action_dispatch/middleware/reloader.rb:73:in `call'
  actionpack (4.1.6) lib/action_dispatch/middleware/remote_ip.rb:76:in `call'
  actionpack (4.1.6) lib/action_dispatch/middleware/debug_exceptions.rb:17:in `call'
  actionpack (4.1.6) lib/action_dispatch/middleware/show_exceptions.rb:30:in `call'
  railties (4.1.6) lib/rails/rack/logger.rb:38:in `call_app'
  railties (4.1.6) lib/rails/rack/logger.rb:20:in `block in call'
  activesupport (4.1.6) lib/active_support/tagged_logging.rb:68:in `block in tagged'
  activesupport (4.1.6) lib/active_support/tagged_logging.rb:26:in `tagged'
  activesupport (4.1.6) lib/active_support/tagged_logging.rb:68:in `tagged'
  railties (4.1.6) lib/rails/rack/logger.rb:20:in `call'
  actionpack (4.1.6) lib/action_dispatch/middleware/request_id.rb:21:in `call'
  rack (1.5.5) lib/rack/methodoverride.rb:21:in `call'
  rack (1.5.5) lib/rack/runtime.rb:17:in `call'
  activesupport (4.1.6) lib/active_support/cache/strategy/local_cache_middleware.rb:26:in `call'
  rack (1.5.5) lib/rack/lock.rb:17:in `call'
  actionpack (4.1.6) lib/action_dispatch/middleware/static.rb:64:in `call'
  rack (1.5.5) lib/rack/sendfile.rb:112:in `call'
  railties (4.1.6) lib/rails/engine.rb:514:in `call'
  railties (4.1.6) lib/rails/application.rb:144:in `call'
  rack (1.5.5) lib/rack/lock.rb:17:in `call'
  rack (1.5.5) lib/rack/content_length.rb:14:in `call'
  rack (1.5.5) lib/rack/handler/webrick.rb:60:in `service'
  /Users/Io/.rbenv/versions/2.0.0-p195/lib/ruby/2.0.0/webrick/httpserver.rb:138:in `service'
  /Users/Io/.rbenv/versions/2.0.0-p195/lib/ruby/2.0.0/webrick/httpserver.rb:94:in `run'
  /Users/Io/.rbenv/versions/2.0.0-p195/lib/ruby/2.0.0/webrick/server.rb:295:in `block in start_thread'


  Rendered /Users/Io/.rbenv/versions/2.0.0-p195/lib/ruby/gems/2.0.0/gems/actionpack-4.1.6/lib/action_dispatch/middleware/templates/rescues/unknown_action.html.erb within rescues/layout (0.4ms)


Started GET "/" for 127.0.0.1 at 2017-04-24 11:29:54 -0400
  [1m[36mActiveRecord::SchemaMigration Load (0.3ms)[0m  [1mSELECT "schema_migrations".* FROM "schema_migrations"[0m
Processing by StaticPagesController#home as HTML
  Rendered static_pages/home.html.erb within layouts/application (4.8ms)
Completed 200 OK in 694ms (Views: 680.4ms | ActiveRecord: 0.0ms)


Started GET "/assets/static_pages.css?body=1" for 127.0.0.1 at 2017-04-24 11:29:55 -0400


Started GET "/assets/users.css?body=1" for 127.0.0.1 at 2017-04-24 11:29:55 -0400


Started GET "/assets/application.css?body=1" for 127.0.0.1 at 2017-04-24 11:29:55 -0400


Started GET "/assets/scaffolds.css?body=1" for 127.0.0.1 at 2017-04-24 11:29:55 -0400


Started GET "/assets/users.js?body=1" for 127.0.0.1 at 2017-04-24 11:29:55 -0400


Started GET "/assets/static_pages.js?body=1" for 127.0.0.1 at 2017-04-24 11:29:55 -0400


Started GET "/assets/application.js?body=1" for 127.0.0.1 at 2017-04-24 11:29:55 -0400


Started GET "/assets/jquery.js?body=1" for 127.0.0.1 at 2017-04-24 11:29:55 -0400


Started GET "/assets/jquery_ujs.js?body=1" for 127.0.0.1 at 2017-04-24 11:29:55 -0400


Started GET "/assets/turbolinks.js?body=1" for 127.0.0.1 at 2017-04-24 11:29:55 -0400


Started GET "/signup" for 127.0.0.1 at 2017-04-24 11:29:58 -0400
Processing by UsersController#new as HTML
  Rendered users/new.html.erb within layouts/application (0.4ms)
Completed 200 OK in 151ms (Views: 149.7ms | ActiveRecord: 0.0ms)


Started GET "/signup" for 127.0.0.1 at 2017-04-24 11:30:36 -0400
  [1m[36mActiveRecord::SchemaMigration Load (0.4ms)[0m  [1mSELECT "schema_migrations".* FROM "schema_migrations"[0m
Processing by UsersController#new as HTML
  Rendered users/new.html.erb within layouts/application (1.4ms)
Completed 200 OK in 147ms (Views: 138.8ms | ActiveRecord: 0.0ms)


Started GET "/assets/scaffolds.css?body=1" for 127.0.0.1 at 2017-04-24 11:30:36 -0400


Started GET "/assets/static_pages.css?body=1" for 127.0.0.1 at 2017-04-24 11:30:36 -0400


Started GET "/assets/users.css?body=1" for 127.0.0.1 at 2017-04-24 11:30:36 -0400


Started GET "/assets/turbolinks.js?body=1" for 127.0.0.1 at 2017-04-24 11:30:36 -0400


Started GET "/assets/application.css?body=1" for 127.0.0.1 at 2017-04-24 11:30:36 -0400


Started GET "/assets/jquery_ujs.js?body=1" for 127.0.0.1 at 2017-04-24 11:30:36 -0400


Started GET "/assets/jquery.js?body=1" for 127.0.0.1 at 2017-04-24 11:30:36 -0400


Started GET "/" for 127.0.0.1 at 2017-04-24 11:30:41 -0400
Processing by StaticPagesController#home as HTML
  Rendered static_pages/home.html.erb within layouts/application (1.9ms)
Completed 200 OK in 89ms (Views: 88.4ms | ActiveRecord: 0.0ms)


Started GET "/assets/static_pages.css?body=1" for 127.0.0.1 at 2017-04-24 11:30:41 -0400


Started GET "/assets/scaffolds.css?body=1" for 127.0.0.1 at 2017-04-24 11:30:41 -0400


Started GET "/assets/jquery.js?body=1" for 127.0.0.1 at 2017-04-24 11:30:41 -0400


Started GET "/assets/jquery_ujs.js?body=1" for 127.0.0.1 at 2017-04-24 11:30:41 -0400


Started GET "/assets/turbolinks.js?body=1" for 127.0.0.1 at 2017-04-24 11:30:41 -0400


Started GET "/assets/users.css?body=1" for 127.0.0.1 at 2017-04-24 11:30:41 -0400


Started GET "/assets/application.css?body=1" for 127.0.0.1 at 2017-04-24 11:30:41 -0400
  [1m[36m (0.1ms)[0m  [1mbegin transaction[0m
  [1m[35mUser Exists (0.5ms)[0m  SELECT  1 AS one FROM "users"  WHERE LOWER("users"."email") = LOWER('rjckivel@gmail.com') LIMIT 1
  [1m[36m (0.1ms)[0m  [1mrollback transaction[0m
  [1m[35m (0.1ms)[0m  begin transaction
  [1m[36mUser Exists (0.1ms)[0m  [1mSELECT  1 AS one FROM "users"  WHERE LOWER("users"."email") = LOWER('rjckivel@gmail.com') LIMIT 1[0m
  [1m[35m (0.0ms)[0m  rollback transaction
  [1m[36m (0.6ms)[0m  [1mbegin transaction[0m
  [1m[35mUser Exists (0.4ms)[0m  SELECT  1 AS one FROM "users"  WHERE LOWER("users"."email") = LOWER('rjckivel@gmail.com') LIMIT 1
  [1m[36m (0.1ms)[0m  [1mrollback transaction[0m
  [1m[35mUser Load (1.6ms)[0m  SELECT  "users".* FROM "users"  WHERE "users"."id" = ? LIMIT 1  [["id", 1]]
  [1m[36mUser Load (1.2ms)[0m  [1mSELECT  "users".* FROM "users"  WHERE "users"."id" = ? LIMIT 1[0m  [["id", 1]]
  [1m[35m (0.5ms)[0m  begin transaction
  [1m[36mSQL (1.7ms)[0m  [1mDELETE FROM "users" WHERE "users"."id" = ?[0m  [["id", 1]]
  [1m[35m (0.7ms)[0m  commit transaction
  [1m[36m (0.1ms)[0m  [1mbegin transaction[0m
  [1m[35mUser Exists (0.2ms)[0m  SELECT  1 AS one FROM "users"  WHERE LOWER("users"."email") = LOWER('rjckivel@gmail.com') LIMIT 1
Binary data inserted for `string` type on column `password_digest`
  [1m[36mSQL (0.4ms)[0m  [1mINSERT INTO "users" ("created_at", "email", "name", "password_digest", "updated_at") VALUES (?, ?, ?, ?, ?)[0m  [["created_at", "2017-04-24 15:50:01.600249"], ["email", "rjckivel@gmail.com"], ["name", "Rio Kivell"], ["password_digest", "$2a$10$IvyHz5ZWSobM6KwV5UbIy.4ikd6fHN3bDHlSHvIzhAZV.n/W8C0yu"], ["updated_at", "2017-04-24 15:50:01.600249"]]
  [1m[35m (0.8ms)[0m  commit transaction
  [1m[36m (0.6ms)[0m  [1mSELECT COUNT(*) FROM "users"[0m
  [1m[35mUser Load (4.5ms)[0m  SELECT  "users".* FROM "users"   ORDER BY "users"."id" ASC LIMIT 1


Started GET "/" for 127.0.0.1 at 2017-04-24 11:57:20 -0400
  [1m[36mActiveRecord::SchemaMigration Load (0.1ms)[0m  [1mSELECT "schema_migrations".* FROM "schema_migrations"[0m
Processing by StaticPagesController#home as HTML
  Rendered static_pages/home.html.erb within layouts/application (2.2ms)
Completed 200 OK in 159ms (Views: 149.1ms | ActiveRecord: 0.0ms)


Started GET "/assets/scaffolds.css?body=1" for 127.0.0.1 at 2017-04-24 11:57:21 -0400


Started GET "/assets/static_pages.css?body=1" for 127.0.0.1 at 2017-04-24 11:57:21 -0400


Started GET "/assets/users.css?body=1" for 127.0.0.1 at 2017-04-24 11:57:21 -0400


Started GET "/assets/jquery_ujs.js?body=1" for 127.0.0.1 at 2017-04-24 11:57:21 -0400


Started GET "/assets/turbolinks.js?body=1" for 127.0.0.1 at 2017-04-24 11:57:21 -0400


Started GET "/assets/application.css?body=1" for 127.0.0.1 at 2017-04-24 11:57:21 -0400


Started GET "/assets/jquery.js?body=1" for 127.0.0.1 at 2017-04-24 11:57:21 -0400


Started GET "/assets/users.js?body=1" for 127.0.0.1 at 2017-04-24 11:57:21 -0400


Started GET "/assets/static_pages.js?body=1" for 127.0.0.1 at 2017-04-24 11:57:21 -0400


Started GET "/assets/application.js?body=1" for 127.0.0.1 at 2017-04-24 11:57:21 -0400


Started GET "/users/1" for 127.0.0.1 at 2017-04-24 11:57:25 -0400
Processing by UsersController#show as HTML
  Parameters: {"id"=>"1"}
  Rendered users/show.html.erb within layouts/application (2.9ms)
Completed 500 Internal Server Error in 5ms

ActionView::Template::Error (undefined method `name' for nil:NilClass):
    2: 
    3: <p>
    4:   <strong>Name:</strong>
    5:   <%= @user.name %>
    6: </p>
    7: 
    8: <p>
  app/views/users/show.html.erb:5:in `_app_views_users_show_html_erb___1477417014990234753_70261864267700'


  Rendered /Users/Io/.rbenv/versions/2.0.0-p195/lib/ruby/gems/2.0.0/gems/actionpack-4.1.6/lib/action_dispatch/middleware/templates/rescues/_trace.html.erb (6.2ms)
  Rendered /Users/Io/.rbenv/versions/2.0.0-p195/lib/ruby/gems/2.0.0/gems/actionpack-4.1.6/lib/action_dispatch/middleware/templates/rescues/_request_and_response.html.erb (0.9ms)
  Rendered /Users/Io/.rbenv/versions/2.0.0-p195/lib/ruby/gems/2.0.0/gems/actionpack-4.1.6/lib/action_dispatch/middleware/templates/rescues/template_error.html.erb within rescues/layout (20.4ms)


Started GET "/users/2" for 127.0.0.1 at 2017-04-24 11:57:30 -0400
Processing by UsersController#show as HTML
  Parameters: {"id"=>"2"}
  Rendered users/show.html.erb within layouts/application (0.6ms)
Completed 500 Internal Server Error in 2ms

ActionView::Template::Error (undefined method `name' for nil:NilClass):
    2: 
    3: <p>
    4:   <strong>Name:</strong>
    5:   <%= @user.name %>
    6: </p>
    7: 
    8: <p>
  app/views/users/show.html.erb:5:in `_app_views_users_show_html_erb___1477417014990234753_70261864267700'


  Rendered /Users/Io/.rbenv/versions/2.0.0-p195/lib/ruby/gems/2.0.0/gems/actionpack-4.1.6/lib/action_dispatch/middleware/templates/rescues/_trace.html.erb (1.1ms)
  Rendered /Users/Io/.rbenv/versions/2.0.0-p195/lib/ruby/gems/2.0.0/gems/actionpack-4.1.6/lib/action_dispatch/middleware/templates/rescues/_request_and_response.html.erb (0.8ms)
  Rendered /Users/Io/.rbenv/versions/2.0.0-p195/lib/ruby/gems/2.0.0/gems/actionpack-4.1.6/lib/action_dispatch/middleware/templates/rescues/template_error.html.erb within rescues/layout (10.6ms)


Started GET "/users/2" for 127.0.0.1 at 2017-04-24 11:59:02 -0400
Processing by UsersController#show as HTML
  Parameters: {"id"=>"2"}
  [1m[35mUser Load (0.3ms)[0m  SELECT  "users".* FROM "users"  WHERE "users"."id" = ? LIMIT 1  [["id", 2]]
  Rendered users/show.html.erb within layouts/application (2.1ms)
Completed 200 OK in 201ms (Views: 169.0ms | ActiveRecord: 1.3ms)


Started GET "/assets/scaffolds.css?body=1" for 127.0.0.1 at 2017-04-24 11:59:03 -0400


Started GET "/assets/static_pages.css?body=1" for 127.0.0.1 at 2017-04-24 11:59:03 -0400


Started GET "/assets/application.css?body=1" for 127.0.0.1 at 2017-04-24 11:59:03 -0400


Started GET "/assets/jquery_ujs.js?body=1" for 127.0.0.1 at 2017-04-24 11:59:03 -0400


Started GET "/assets/users.css?body=1" for 127.0.0.1 at 2017-04-24 11:59:03 -0400


Started GET "/assets/jquery.js?body=1" for 127.0.0.1 at 2017-04-24 11:59:03 -0400


Started GET "/assets/users.js?body=1" for 127.0.0.1 at 2017-04-24 11:59:03 -0400


Started GET "/assets/static_pages.js?body=1" for 127.0.0.1 at 2017-04-24 11:59:03 -0400


Started GET "/assets/application.js?body=1" for 127.0.0.1 at 2017-04-24 11:59:03 -0400


Started GET "/assets/turbolinks.js?body=1" for 127.0.0.1 at 2017-04-24 11:59:03 -0400


Started GET "/users/new" for 127.0.0.1 at 2017-04-24 12:19:24 -0400
Processing by UsersController#new as HTML
  Rendered users/new.html.erb within layouts/application (39.4ms)
Completed 200 OK in 160ms (Views: 146.9ms | ActiveRecord: 1.2ms)


Started GET "/assets/scaffolds.css?body=1" for 127.0.0.1 at 2017-04-24 12:19:24 -0400


Started GET "/assets/static_pages.css?body=1" for 127.0.0.1 at 2017-04-24 12:19:24 -0400


Started GET "/assets/application.css?body=1" for 127.0.0.1 at 2017-04-24 12:19:25 -0400


Started GET "/assets/users.css?body=1" for 127.0.0.1 at 2017-04-24 12:19:25 -0400


Started GET "/assets/static_pages.js?body=1" for 127.0.0.1 at 2017-04-24 12:19:25 -0400


Started GET "/assets/turbolinks.js?body=1" for 127.0.0.1 at 2017-04-24 12:19:25 -0400


Started GET "/assets/jquery_ujs.js?body=1" for 127.0.0.1 at 2017-04-24 12:19:25 -0400


Started GET "/assets/jquery.js?body=1" for 127.0.0.1 at 2017-04-24 12:19:25 -0400


Started GET "/assets/users.js?body=1" for 127.0.0.1 at 2017-04-24 12:19:25 -0400


Started GET "/assets/application.js?body=1" for 127.0.0.1 at 2017-04-24 12:19:25 -0400


Started GET "/users/new" for 127.0.0.1 at 2017-04-24 12:19:55 -0400
Processing by UsersController#new as HTML
  Rendered users/new.html.erb within layouts/application (4.3ms)
Completed 200 OK in 46ms (Views: 45.6ms | ActiveRecord: 0.0ms)


Started GET "/assets/scaffolds.css?body=1" for 127.0.0.1 at 2017-04-24 12:19:55 -0400


Started GET "/assets/static_pages.css?body=1" for 127.0.0.1 at 2017-04-24 12:19:55 -0400


Started GET "/assets/users.css?body=1" for 127.0.0.1 at 2017-04-24 12:19:55 -0400


Started GET "/assets/turbolinks.js?body=1" for 127.0.0.1 at 2017-04-24 12:19:55 -0400


Started GET "/assets/users.js?body=1" for 127.0.0.1 at 2017-04-24 12:19:55 -0400


Started GET "/assets/application.css?body=1" for 127.0.0.1 at 2017-04-24 12:19:55 -0400


Started GET "/assets/jquery.js?body=1" for 127.0.0.1 at 2017-04-24 12:19:55 -0400


Started GET "/assets/static_pages.js?body=1" for 127.0.0.1 at 2017-04-24 12:19:55 -0400


Started GET "/assets/jquery_ujs.js?body=1" for 127.0.0.1 at 2017-04-24 12:19:55 -0400


Started GET "/assets/application.js?body=1" for 127.0.0.1 at 2017-04-24 12:19:55 -0400


Started GET "/assets/static_pages.css?body=1" for 127.0.0.1 at 2017-04-24 12:27:27 -0400


Started GET "/assets/scaffolds.css?body=1" for 127.0.0.1 at 2017-04-24 12:27:27 -0400


Started GET "/assets/application.css?body=1" for 127.0.0.1 at 2017-04-24 12:27:27 -0400


Started GET "/assets/users.css?body=1" for 127.0.0.1 at 2017-04-24 12:27:27 -0400


Started GET "/users/new" for 127.0.0.1 at 2017-04-24 12:39:15 -0400
Processing by UsersController#new as HTML
  Rendered users/new.html.erb within layouts/application (11.3ms)
Completed 200 OK in 159ms (Views: 147.6ms | ActiveRecord: 1.0ms)


Started GET "/assets/scaffolds.css?body=1" for 127.0.0.1 at 2017-04-24 12:39:16 -0400


Started GET "/assets/static_pages.css?body=1" for 127.0.0.1 at 2017-04-24 12:39:16 -0400


Started GET "/assets/turbolinks.js?body=1" for 127.0.0.1 at 2017-04-24 12:39:16 -0400


Started GET "/assets/users.css?body=1" for 127.0.0.1 at 2017-04-24 12:39:16 -0400


Started GET "/assets/application.css?body=1" for 127.0.0.1 at 2017-04-24 12:39:16 -0400


Started GET "/assets/jquery.js?body=1" for 127.0.0.1 at 2017-04-24 12:39:16 -0400


Started GET "/assets/jquery_ujs.js?body=1" for 127.0.0.1 at 2017-04-24 12:39:16 -0400


Started GET "/assets/static_pages.js?body=1" for 127.0.0.1 at 2017-04-24 12:39:16 -0400


Started GET "/assets/users.js?body=1" for 127.0.0.1 at 2017-04-24 12:39:16 -0400


Started GET "/assets/application.js?body=1" for 127.0.0.1 at 2017-04-24 12:39:16 -0400


Started POST "/users" for 127.0.0.1 at 2017-04-24 12:39:19 -0400
Processing by UsersController#create as HTML
  Parameters: {"utf8"=>"✓", "authenticity_token"=>"G5/2S4Roif/itx2+CeSnlZ28NIcrmpEct7Hohs5wOdA=", "user"=>{"name"=>"", "email"=>"", "password"=>"[FILTERED]", "password_confirmation"=>"[FILTERED]"}, "commit"=>"Create my account"}
Completed 500 Internal Server Error in 1ms

ActiveModel::ForbiddenAttributesError (ActiveModel::ForbiddenAttributesError):
  app/controllers/users_controller.rb:12:in `create'


  Rendered /Users/Io/.rbenv/versions/2.0.0-p195/lib/ruby/gems/2.0.0/gems/actionpack-4.1.6/lib/action_dispatch/middleware/templates/rescues/_source.erb (0.7ms)
  Rendered /Users/Io/.rbenv/versions/2.0.0-p195/lib/ruby/gems/2.0.0/gems/actionpack-4.1.6/lib/action_dispatch/middleware/templates/rescues/_trace.html.erb (1.1ms)
  Rendered /Users/Io/.rbenv/versions/2.0.0-p195/lib/ruby/gems/2.0.0/gems/actionpack-4.1.6/lib/action_dispatch/middleware/templates/rescues/_request_and_response.html.erb (1.2ms)
  Rendered /Users/Io/.rbenv/versions/2.0.0-p195/lib/ruby/gems/2.0.0/gems/actionpack-4.1.6/lib/action_dispatch/middleware/templates/rescues/diagnostics.erb within rescues/layout (17.7ms)


Started POST "/users" for 127.0.0.1 at 2017-04-24 12:58:58 -0400
  [1m[36mActiveRecord::SchemaMigration Load (0.1ms)[0m  [1mSELECT "schema_migrations".* FROM "schema_migrations"[0m

SyntaxError (/Users/Io/Documents/Code Challenges/PayTM/app/controllers/users_controller.rb:27: syntax error, unexpected end-of-input, expecting keyword_end):
  app/controllers/users_controller.rb:27: syntax error, unexpected end-of-input, expecting keyword_end


  Rendered /Users/Io/.rbenv/versions/2.0.0-p195/lib/ruby/gems/2.0.0/gems/actionpack-4.1.6/lib/action_dispatch/middleware/templates/rescues/_source.erb (0.6ms)
  Rendered /Users/Io/.rbenv/versions/2.0.0-p195/lib/ruby/gems/2.0.0/gems/actionpack-4.1.6/lib/action_dispatch/middleware/templates/rescues/_trace.html.erb (1.9ms)
  Rendered /Users/Io/.rbenv/versions/2.0.0-p195/lib/ruby/gems/2.0.0/gems/actionpack-4.1.6/lib/action_dispatch/middleware/templates/rescues/_request_and_response.html.erb (17.5ms)
  Rendered /Users/Io/.rbenv/versions/2.0.0-p195/lib/ruby/gems/2.0.0/gems/actionpack-4.1.6/lib/action_dispatch/middleware/templates/rescues/diagnostics.erb within rescues/layout (39.0ms)


Started GET "/users" for 127.0.0.1 at 2017-04-24 12:59:21 -0400
Processing by UsersController#index as HTML
  Rendered html template (0.0ms)
Completed 200 OK in 2ms (Views: 1.6ms | ActiveRecord: 0.0ms)


Started GET "/users" for 127.0.0.1 at 2017-04-24 13:00:09 -0400
Processing by UsersController#show as HTML
Completed 404 Not Found in 8ms

ActiveRecord::RecordNotFound (Couldn't find User without an ID):
  app/controllers/users_controller.rb:4:in `show'


  Rendered /Users/Io/.rbenv/versions/2.0.0-p195/lib/ruby/gems/2.0.0/gems/actionpack-4.1.6/lib/action_dispatch/middleware/templates/rescues/_source.erb (0.7ms)
  Rendered /Users/Io/.rbenv/versions/2.0.0-p195/lib/ruby/gems/2.0.0/gems/actionpack-4.1.6/lib/action_dispatch/middleware/templates/rescues/_trace.html.erb (1.3ms)
  Rendered /Users/Io/.rbenv/versions/2.0.0-p195/lib/ruby/gems/2.0.0/gems/actionpack-4.1.6/lib/action_dispatch/middleware/templates/rescues/_request_and_response.html.erb (2.3ms)
  Rendered /Users/Io/.rbenv/versions/2.0.0-p195/lib/ruby/gems/2.0.0/gems/actionpack-4.1.6/lib/action_dispatch/middleware/templates/rescues/diagnostics.erb within rescues/layout (61.5ms)


Started GET "/users" for 127.0.0.1 at 2017-04-24 13:00:21 -0400
Processing by UsersController#index as HTML
  Rendered html template (0.0ms)
Completed 200 OK in 1ms (Views: 0.6ms | ActiveRecord: 0.0ms)


Started GET "/" for 127.0.0.1 at 2017-04-24 13:01:55 -0400
Processing by StaticPagesController#home as HTML
  Rendered static_pages/home.html.erb within layouts/application (1.4ms)
Completed 200 OK in 120ms (Views: 119.0ms | ActiveRecord: 0.0ms)


Started GET "/assets/scaffolds.css?body=1" for 127.0.0.1 at 2017-04-24 13:01:55 -0400


Started GET "/assets/static_pages.css?body=1" for 127.0.0.1 at 2017-04-24 13:01:55 -0400


Started GET "/assets/users.css?body=1" for 127.0.0.1 at 2017-04-24 13:01:55 -0400


Started GET "/assets/application.css?body=1" for 127.0.0.1 at 2017-04-24 13:01:55 -0400


Started GET "/assets/jquery.js?body=1" for 127.0.0.1 at 2017-04-24 13:01:55 -0400


Started GET "/assets/jquery_ujs.js?body=1" for 127.0.0.1 at 2017-04-24 13:01:55 -0400


Started GET "/assets/static_pages.js?body=1" for 127.0.0.1 at 2017-04-24 13:01:55 -0400


Started GET "/assets/users.js?body=1" for 127.0.0.1 at 2017-04-24 13:01:55 -0400


Started GET "/assets/application.js?body=1" for 127.0.0.1 at 2017-04-24 13:01:55 -0400


Started GET "/assets/turbolinks.js?body=1" for 127.0.0.1 at 2017-04-24 13:01:55 -0400


Started GET "/signup" for 127.0.0.1 at 2017-04-24 13:01:58 -0400
Processing by UsersController#new as HTML
  Rendered shared/_error_messages.html.erb (5.4ms)
  Rendered users/new.html.erb within layouts/application (43.7ms)
Completed 200 OK in 101ms (Views: 92.8ms | ActiveRecord: 0.7ms)


Started POST "/users" for 127.0.0.1 at 2017-04-24 13:02:01 -0400
Processing by UsersController#create as HTML
  Parameters: {"utf8"=>"✓", "authenticity_token"=>"G5/2S4Roif/itx2+CeSnlZ28NIcrmpEct7Hohs5wOdA=", "user"=>{"name"=>"", "email"=>"", "password"=>"[FILTERED]", "password_confirmation"=>"[FILTERED]"}, "commit"=>"Create my account"}
  [1m[35m (0.1ms)[0m  begin transaction
  [1m[36mUser Exists (0.2ms)[0m  [1mSELECT  1 AS one FROM "users"  WHERE LOWER("users"."email") = LOWER('') LIMIT 1[0m
  [1m[35m (0.1ms)[0m  rollback transaction
  Rendered shared/_error_messages.html.erb (2.9ms)
  Rendered users/new.html.erb within layouts/application (5.4ms)
Completed 200 OK in 134ms (Views: 117.1ms | ActiveRecord: 0.3ms)


Started GET "/assets/scaffolds.css?body=1" for 127.0.0.1 at 2017-04-24 13:02:02 -0400


Started GET "/assets/static_pages.css?body=1" for 127.0.0.1 at 2017-04-24 13:02:02 -0400


Started GET "/assets/application.css?body=1" for 127.0.0.1 at 2017-04-24 13:02:02 -0400


Started GET "/assets/jquery.js?body=1" for 127.0.0.1 at 2017-04-24 13:02:02 -0400


Started GET "/assets/turbolinks.js?body=1" for 127.0.0.1 at 2017-04-24 13:02:02 -0400


Started GET "/assets/users.css?body=1" for 127.0.0.1 at 2017-04-24 13:02:02 -0400


Started GET "/assets/static_pages.js?body=1" for 127.0.0.1 at 2017-04-24 13:02:02 -0400


Started GET "/assets/users.js?body=1" for 127.0.0.1 at 2017-04-24 13:02:02 -0400


Started GET "/assets/jquery_ujs.js?body=1" for 127.0.0.1 at 2017-04-24 13:02:02 -0400


Started GET "/assets/application.js?body=1" for 127.0.0.1 at 2017-04-24 13:02:02 -0400
  [1m[36m (1.0ms)[0m  [1mCREATE TABLE "schema_migrations" ("version" varchar(255) NOT NULL) [0m
  [1m[35m (0.1ms)[0m  select sqlite_version(*)
  [1m[36m (0.8ms)[0m  [1mCREATE UNIQUE INDEX "unique_schema_migrations" ON "schema_migrations" ("version")[0m
  [1m[35mActiveRecord::SchemaMigration Load (0.1ms)[0m  SELECT "schema_migrations".* FROM "schema_migrations"
Migrating to CreateUsers (20170421001522)
  [1m[36m (0.1ms)[0m  [1mbegin transaction[0m
  [1m[35m (0.3ms)[0m  CREATE TABLE "users" ("id" INTEGER PRIMARY KEY AUTOINCREMENT NOT NULL, "name" varchar(255), "email" varchar(255), "created_at" datetime, "updated_at" datetime) 
  [1m[36mSQL (0.2ms)[0m  [1mINSERT INTO "schema_migrations" ("version") VALUES (?)[0m  [["version", "20170421001522"]]
  [1m[35m (0.7ms)[0m  commit transaction
Migrating to AddIndexToUsersEmail (20170424045340)
  [1m[36m (0.1ms)[0m  [1mbegin transaction[0m
  [1m[35m (0.2ms)[0m  CREATE UNIQUE INDEX "index_users_on_email" ON "users" ("email")
  [1m[36mSQL (0.2ms)[0m  [1mINSERT INTO "schema_migrations" ("version") VALUES (?)[0m  [["version", "20170424045340"]]
  [1m[35m (0.7ms)[0m  commit transaction
Migrating to AddPasswordDigestToUsers (20170424045653)
  [1m[36m (0.1ms)[0m  [1mbegin transaction[0m
  [1m[35m (0.7ms)[0m  ALTER TABLE "users" ADD "password_digest" varchar(255)
  [1m[36mSQL (0.1ms)[0m  [1mINSERT INTO "schema_migrations" ("version") VALUES (?)[0m  [["version", "20170424045653"]]
  [1m[35m (0.9ms)[0m  commit transaction
  [1m[36mActiveRecord::SchemaMigration Load (0.1ms)[0m  [1mSELECT "schema_migrations".* FROM "schema_migrations"[0m
  [1m[35m (0.1ms)[0m              SELECT sql
            FROM sqlite_master
            WHERE name='index_users_on_email' AND type='index'
            UNION ALL
            SELECT sql
            FROM sqlite_temp_master
            WHERE name='index_users_on_email' AND type='index'



Started GET "/" for 127.0.0.1 at 2017-04-24 13:17:23 -0400
  [1m[36mActiveRecord::SchemaMigration Load (0.1ms)[0m  [1mSELECT "schema_migrations".* FROM "schema_migrations"[0m
Processing by StaticPagesController#home as HTML
  Rendered static_pages/home.html.erb within layouts/application (2.1ms)
Completed 200 OK in 157ms (Views: 147.4ms | ActiveRecord: 0.0ms)


Started GET "/assets/users.css?body=1" for 127.0.0.1 at 2017-04-24 13:17:23 -0400


Started GET "/assets/application.css?body=1" for 127.0.0.1 at 2017-04-24 13:17:23 -0400


Started GET "/assets/static_pages.css?body=1" for 127.0.0.1 at 2017-04-24 13:17:23 -0400


Started GET "/assets/scaffolds.css?body=1" for 127.0.0.1 at 2017-04-24 13:17:23 -0400


Started GET "/assets/jquery_ujs.js?body=1" for 127.0.0.1 at 2017-04-24 13:17:23 -0400


Started GET "/assets/turbolinks.js?body=1" for 127.0.0.1 at 2017-04-24 13:17:23 -0400


Started GET "/assets/jquery.js?body=1" for 127.0.0.1 at 2017-04-24 13:17:23 -0400


Started GET "/assets/users.js?body=1" for 127.0.0.1 at 2017-04-24 13:17:23 -0400


Started GET "/assets/static_pages.js?body=1" for 127.0.0.1 at 2017-04-24 13:17:23 -0400


Started GET "/assets/application.js?body=1" for 127.0.0.1 at 2017-04-24 13:17:23 -0400


Started GET "/signup" for 127.0.0.1 at 2017-04-24 13:17:26 -0400
Processing by UsersController#new as HTML
  Rendered shared/_error_messages.html.erb (4.3ms)
  Rendered users/new.html.erb within layouts/application (81.4ms)
Completed 200 OK in 193ms (Views: 186.5ms | ActiveRecord: 0.4ms)


Started POST "/users" for 127.0.0.1 at 2017-04-24 13:17:37 -0400
Processing by UsersController#create as HTML
  Parameters: {"utf8"=>"✓", "authenticity_token"=>"G5/2S4Roif/itx2+CeSnlZ28NIcrmpEct7Hohs5wOdA=", "user"=>{"name"=>"Rio Kivell", "email"=>"rjckivel@gmail.com", "password"=>"[FILTERED]", "password_confirmation"=>"[FILTERED]"}, "commit"=>"Create my account"}
  [1m[35m (0.3ms)[0m  begin transaction
  [1m[36mUser Exists (0.2ms)[0m  [1mSELECT  1 AS one FROM "users"  WHERE LOWER("users"."email") = LOWER('rjckivel@gmail.com') LIMIT 1[0m
Binary data inserted for `string` type on column `password_digest`
  [1m[35mSQL (0.4ms)[0m  INSERT INTO "users" ("created_at", "email", "name", "password_digest", "updated_at") VALUES (?, ?, ?, ?, ?)  [["created_at", "2017-04-24 17:17:37.936929"], ["email", "rjckivel@gmail.com"], ["name", "Rio Kivell"], ["password_digest", "$2a$10$F1Q3Yg03LsmZoHj3Qe07keQUnV1dmNa8h6RDnPViH.YfzjOTyjVRW"], ["updated_at", "2017-04-24 17:17:37.936929"]]
  [1m[36m (0.7ms)[0m  [1mcommit transaction[0m
Redirected to http://localhost:3000/users/1
Completed 302 Found in 152ms (ActiveRecord: 1.6ms)


Started GET "/users/1" for 127.0.0.1 at 2017-04-24 13:17:37 -0400
Processing by UsersController#show as HTML
  Parameters: {"id"=>"1"}
  [1m[35mUser Load (0.2ms)[0m  SELECT  "users".* FROM "users"  WHERE "users"."id" = ? LIMIT 1  [["id", 1]]
  Rendered users/show.html.erb within layouts/application (3.0ms)
Completed 200 OK in 57ms (Views: 54.8ms | ActiveRecord: 0.2ms)


Started GET "/assets/static_pages.css?body=1" for 127.0.0.1 at 2017-04-24 13:17:38 -0400


Started GET "/assets/users.css?body=1" for 127.0.0.1 at 2017-04-24 13:17:38 -0400


Started GET "/assets/jquery_ujs.js?body=1" for 127.0.0.1 at 2017-04-24 13:17:38 -0400


Started GET "/assets/application.css?body=1" for 127.0.0.1 at 2017-04-24 13:17:38 -0400


Started GET "/assets/jquery.js?body=1" for 127.0.0.1 at 2017-04-24 13:17:38 -0400


Started GET "/assets/scaffolds.css?body=1" for 127.0.0.1 at 2017-04-24 13:17:38 -0400


Started GET "/assets/users.js?body=1" for 127.0.0.1 at 2017-04-24 13:17:38 -0400


Started GET "/assets/turbolinks.js?body=1" for 127.0.0.1 at 2017-04-24 13:17:38 -0400


Started GET "/assets/application.js?body=1" for 127.0.0.1 at 2017-04-24 13:17:38 -0400


Started GET "/assets/static_pages.js?body=1" for 127.0.0.1 at 2017-04-24 13:17:38 -0400


Started GET "/users" for 127.0.0.1 at 2017-04-24 13:19:10 -0400
Processing by UsersController#index as HTML
  Rendered html template (0.0ms)
Completed 200 OK in 3ms (Views: 2.2ms | ActiveRecord: 0.0ms)


Started GET "/users/1" for 127.0.0.1 at 2017-04-24 13:40:04 -0400
Processing by UsersController#show as HTML
  Parameters: {"id"=>"1"}
  [1m[36mUser Load (1.1ms)[0m  [1mSELECT  "users".* FROM "users"  WHERE "users"."id" = ? LIMIT 1[0m  [["id", 1]]
  Rendered users/show.html.erb within layouts/application (6.6ms)
Completed 200 OK in 223ms (Views: 204.1ms | ActiveRecord: 1.1ms)


Started GET "/assets/scaffolds.css?body=1" for 127.0.0.1 at 2017-04-24 13:40:04 -0400


Started GET "/assets/users.css?body=1" for 127.0.0.1 at 2017-04-24 13:40:04 -0400


Started GET "/assets/static_pages.css?body=1" for 127.0.0.1 at 2017-04-24 13:40:04 -0400


Started GET "/assets/application.css?body=1" for 127.0.0.1 at 2017-04-24 13:40:04 -0400


Started GET "/assets/jquery.js?body=1" for 127.0.0.1 at 2017-04-24 13:40:04 -0400


Started GET "/assets/static_pages.js?body=1" for 127.0.0.1 at 2017-04-24 13:40:04 -0400


Started GET "/assets/jquery_ujs.js?body=1" for 127.0.0.1 at 2017-04-24 13:40:04 -0400


Started GET "/assets/users.js?body=1" for 127.0.0.1 at 2017-04-24 13:40:04 -0400


Started GET "/assets/application.js?body=1" for 127.0.0.1 at 2017-04-24 13:40:04 -0400


Started GET "/assets/turbolinks.js?body=1" for 127.0.0.1 at 2017-04-24 13:40:04 -0400


Started GET "/users" for 127.0.0.1 at 2017-04-24 14:03:39 -0400
  [1m[36mActiveRecord::SchemaMigration Load (0.4ms)[0m  [1mSELECT "schema_migrations".* FROM "schema_migrations"[0m
Processing by UsersController#index as HTML
  Rendered html template (0.0ms)
Completed 200 OK in 15ms (Views: 6.2ms | ActiveRecord: 0.0ms)


Started GET "/products" for 127.0.0.1 at 2017-04-24 14:03:44 -0400
Processing by ProductsController#index as HTML
  Rendered products/index.html.erb within layouts/application (14.4ms)
Completed 500 Internal Server Error in 331ms

ActionView::Template::Error (undefined method `product_path' for #<#<Class:0x007f7ffb453828>:0x007f7ffb462c10>):
     6: <ol>
     7: <% @products['result'].each do |p| %>
     8:   <p>
     9:    <li> Name : <%= link_to p['name'], product_path(p['id']) %> Price $ :
    10:     <%= format_price p['price_in_cents'] %> Category :
    11:     <%= p['primary_category'] %>
    12:   </li>
  app/views/products/index.html.erb:9:in `block in _app_views_products_index_html_erb__275392401576631740_70093826658100'
  app/views/products/index.html.erb:7:in `each'
  app/views/products/index.html.erb:7:in `_app_views_products_index_html_erb__275392401576631740_70093826658100'


  Rendered /Users/Io/.rbenv/versions/2.0.0-p195/lib/ruby/gems/2.0.0/gems/actionpack-4.1.6/lib/action_dispatch/middleware/templates/rescues/_trace.html.erb (1.1ms)
  Rendered /Users/Io/.rbenv/versions/2.0.0-p195/lib/ruby/gems/2.0.0/gems/actionpack-4.1.6/lib/action_dispatch/middleware/templates/rescues/_request_and_response.html.erb (1.0ms)
  Rendered /Users/Io/.rbenv/versions/2.0.0-p195/lib/ruby/gems/2.0.0/gems/actionpack-4.1.6/lib/action_dispatch/middleware/templates/rescues/template_error.html.erb within rescues/layout (12.0ms)


Started GET "/products" for 127.0.0.1 at 2017-04-24 14:23:19 -0400
  [1m[36mActiveRecord::SchemaMigration Load (0.4ms)[0m  [1mSELECT "schema_migrations".* FROM "schema_migrations"[0m
Processing by ProductsController#index as HTML
  Rendered products/index.html.erb within layouts/application (36.6ms)
Completed 200 OK in 933ms (Views: 188.5ms | ActiveRecord: 0.0ms)


Started GET "/assets/scaffolds.css?body=1" for 127.0.0.1 at 2017-04-24 14:23:21 -0400


Started GET "/assets/static_pages.css?body=1" for 127.0.0.1 at 2017-04-24 14:23:21 -0400


Started GET "/assets/turbolinks.js?body=1" for 127.0.0.1 at 2017-04-24 14:23:21 -0400


Started GET "/assets/users.css?body=1" for 127.0.0.1 at 2017-04-24 14:23:21 -0400


Started GET "/assets/static_pages.js?body=1" for 127.0.0.1 at 2017-04-24 14:23:21 -0400


Started GET "/assets/jquery.js?body=1" for 127.0.0.1 at 2017-04-24 14:23:21 -0400


Started GET "/assets/application.css?body=1" for 127.0.0.1 at 2017-04-24 14:23:21 -0400


Started GET "/assets/jquery_ujs.js?body=1" for 127.0.0.1 at 2017-04-24 14:23:21 -0400


Started GET "/assets/application.js?body=1" for 127.0.0.1 at 2017-04-24 14:23:21 -0400


Started GET "/assets/users.js?body=1" for 127.0.0.1 at 2017-04-24 14:23:21 -0400


Started GET "/products?page=2" for 127.0.0.1 at 2017-04-24 14:23:26 -0400
Processing by ProductsController#index as HTML
  Parameters: {"page"=>"2"}
  Rendered products/index.html.erb within layouts/application (1.8ms)
Completed 200 OK in 273ms (Views: 92.3ms | ActiveRecord: 0.0ms)


Started GET "/products?page=1" for 127.0.0.1 at 2017-04-24 14:23:28 -0400
Processing by ProductsController#index as HTML
  Parameters: {"page"=>"1"}
  Rendered products/index.html.erb within layouts/application (1.8ms)
Completed 200 OK in 415ms (Views: 77.3ms | ActiveRecord: 0.0ms)


Started GET "/products/367938" for 127.0.0.1 at 2017-04-24 14:23:31 -0400
Processing by ProductsController#show as HTML
  Parameters: {"id"=>"367938"}
  Rendered products/show.html.erb within layouts/application (1.0ms)
Completed 200 OK in 250ms (Views: 171.6ms | ActiveRecord: 0.0ms)
